<?xml version="1.0" encoding="UTF-8"?><testrun name="MessageControllerTest" project="referrer-logger-service" tests="1" started="1" failures="0" errors="1" ignored="0">
  <testsuite name="com.intuit.controller.MessageControllerTest" time="0.0">
    <testcase name="initializationError" classname="com.intuit.controller.MessageControllerTest" time="0.0">
      <error>java.lang.IllegalStateException: @WebAppConfiguration should only be used with @SpringBootTest when @SpringBootTest is configured with a mock web environment. Please remove @WebAppConfiguration or reconfigure @SpringBootTest.&#13;
	at org.springframework.boot.test.context.SpringBootTestContextBootstrapper.verifyConfiguration(SpringBootTestContextBootstrapper.java:272)&#13;
	at org.springframework.boot.test.context.SpringBootTestContextBootstrapper.buildTestContext(SpringBootTestContextBootstrapper.java:79)&#13;
	at org.springframework.test.context.TestContextManager.&lt;init&gt;(TestContextManager.java:120)&#13;
	at org.springframework.test.context.TestContextManager.&lt;init&gt;(TestContextManager.java:105)&#13;
	at org.springframework.test.context.junit4.SpringJUnit4ClassRunner.createTestContextManager(SpringJUnit4ClassRunner.java:152)&#13;
	at org.springframework.test.context.junit4.SpringJUnit4ClassRunner.&lt;init&gt;(SpringJUnit4ClassRunner.java:143)&#13;
	at sun.reflect.NativeConstructorAccessorImpl.newInstance0(Native Method)&#13;
	at sun.reflect.NativeConstructorAccessorImpl.newInstance(Unknown Source)&#13;
	at sun.reflect.DelegatingConstructorAccessorImpl.newInstance(Unknown Source)&#13;
	at java.lang.reflect.Constructor.newInstance(Unknown Source)&#13;
	at org.junit.internal.builders.AnnotatedBuilder.buildRunner(AnnotatedBuilder.java:104)&#13;
	at org.junit.internal.builders.AnnotatedBuilder.runnerForClass(AnnotatedBuilder.java:86)&#13;
	at org.junit.runners.model.RunnerBuilder.safeRunnerForClass(RunnerBuilder.java:59)&#13;
	at org.junit.internal.builders.AllDefaultPossibilitiesBuilder.runnerForClass(AllDefaultPossibilitiesBuilder.java:26)&#13;
	at org.junit.runners.model.RunnerBuilder.safeRunnerForClass(RunnerBuilder.java:59)&#13;
	at org.junit.internal.requests.ClassRequest.getRunner(ClassRequest.java:33)&#13;
	at org.eclipse.jdt.internal.junit4.runner.JUnit4TestLoader.createUnfilteredTest(JUnit4TestLoader.java:84)&#13;
	at org.eclipse.jdt.internal.junit4.runner.JUnit4TestLoader.createTest(JUnit4TestLoader.java:70)&#13;
	at org.eclipse.jdt.internal.junit4.runner.JUnit4TestLoader.loadTests(JUnit4TestLoader.java:43)&#13;
	at org.eclipse.jdt.internal.junit.runner.RemoteTestRunner.runTests(RemoteTestRunner.java:444)&#13;
	at org.eclipse.jdt.internal.junit.runner.RemoteTestRunner.runTests(RemoteTestRunner.java:678)&#13;
	at org.eclipse.jdt.internal.junit.runner.RemoteTestRunner.run(RemoteTestRunner.java:382)&#13;
	at org.eclipse.jdt.internal.junit.runner.RemoteTestRunner.main(RemoteTestRunner.java:192)&#13;
&#13;
</error>
    </testcase>
  </testsuite>
</testrun>
